Started POST "/lions" for ::1 at 2019-06-20 12:43:58 -0500
  
ActionController::RoutingError (No route matches [POST] "/lions"):
  
actionpack (5.2.3) lib/action_dispatch/middleware/debug_exceptions.rb:65:in `call'
web-console (3.7.0) lib/web_console/middleware.rb:135:in `call_app'
web-console (3.7.0) lib/web_console/middleware.rb:30:in `block in call'
web-console (3.7.0) lib/web_console/middleware.rb:20:in `catch'
web-console (3.7.0) lib/web_console/middleware.rb:20:in `call'
actionpack (5.2.3) lib/action_dispatch/middleware/show_exceptions.rb:33:in `call'
railties (5.2.3) lib/rails/rack/logger.rb:38:in `call_app'
railties (5.2.3) lib/rails/rack/logger.rb:26:in `block in call'
activesupport (5.2.3) lib/active_support/tagged_logging.rb:71:in `block in tagged'
activesupport (5.2.3) lib/active_support/tagged_logging.rb:28:in `tagged'
activesupport (5.2.3) lib/active_support/tagged_logging.rb:71:in `tagged'
railties (5.2.3) lib/rails/rack/logger.rb:26:in `call'
sprockets-rails (3.2.1) lib/sprockets/rails/quiet_assets.rb:13:in `call'
actionpack (5.2.3) lib/action_dispatch/middleware/remote_ip.rb:81:in `call'
actionpack (5.2.3) lib/action_dispatch/middleware/request_id.rb:27:in `call'
rack (2.0.7) lib/rack/method_override.rb:22:in `call'
rack (2.0.7) lib/rack/runtime.rb:22:in `call'
activesupport (5.2.3) lib/active_support/cache/strategy/local_cache_middleware.rb:29:in `call'
actionpack (5.2.3) lib/action_dispatch/middleware/executor.rb:14:in `call'
actionpack (5.2.3) lib/action_dispatch/middleware/static.rb:127:in `call'
rack (2.0.7) lib/rack/sendfile.rb:111:in `call'
railties (5.2.3) lib/rails/engine.rb:524:in `call'
puma (3.12.1) lib/puma/configuration.rb:227:in `call'
puma (3.12.1) lib/puma/server.rb:660:in `handle_request'
puma (3.12.1) lib/puma/server.rb:474:in `process_client'
puma (3.12.1) lib/puma/server.rb:334:in `block in run'
puma (3.12.1) lib/puma/thread_pool.rb:135:in `block in spawn_thread'
Started POST "/lions" for ::1 at 2019-06-20 12:44:07 -0500
  
ActionController::RoutingError (No route matches [POST] "/lions"):
  
actionpack (5.2.3) lib/action_dispatch/middleware/debug_exceptions.rb:65:in `call'
web-console (3.7.0) lib/web_console/middleware.rb:135:in `call_app'
web-console (3.7.0) lib/web_console/middleware.rb:30:in `block in call'
web-console (3.7.0) lib/web_console/middleware.rb:20:in `catch'
web-console (3.7.0) lib/web_console/middleware.rb:20:in `call'
actionpack (5.2.3) lib/action_dispatch/middleware/show_exceptions.rb:33:in `call'
railties (5.2.3) lib/rails/rack/logger.rb:38:in `call_app'
railties (5.2.3) lib/rails/rack/logger.rb:26:in `block in call'
activesupport (5.2.3) lib/active_support/tagged_logging.rb:71:in `block in tagged'
activesupport (5.2.3) lib/active_support/tagged_logging.rb:28:in `tagged'
activesupport (5.2.3) lib/active_support/tagged_logging.rb:71:in `tagged'
railties (5.2.3) lib/rails/rack/logger.rb:26:in `call'
sprockets-rails (3.2.1) lib/sprockets/rails/quiet_assets.rb:13:in `call'
actionpack (5.2.3) lib/action_dispatch/middleware/remote_ip.rb:81:in `call'
actionpack (5.2.3) lib/action_dispatch/middleware/request_id.rb:27:in `call'
rack (2.0.7) lib/rack/method_override.rb:22:in `call'
rack (2.0.7) lib/rack/runtime.rb:22:in `call'
activesupport (5.2.3) lib/active_support/cache/strategy/local_cache_middleware.rb:29:in `call'
actionpack (5.2.3) lib/action_dispatch/middleware/executor.rb:14:in `call'
actionpack (5.2.3) lib/action_dispatch/middleware/static.rb:127:in `call'
rack (2.0.7) lib/rack/sendfile.rb:111:in `call'
railties (5.2.3) lib/rails/engine.rb:524:in `call'
puma (3.12.1) lib/puma/configuration.rb:227:in `call'
puma (3.12.1) lib/puma/server.rb:660:in `handle_request'
puma (3.12.1) lib/puma/server.rb:474:in `process_client'
puma (3.12.1) lib/puma/server.rb:334:in `block in run'
puma (3.12.1) lib/puma/thread_pool.rb:135:in `block in spawn_thread'
Started POST "/users" for ::1 at 2019-06-20 12:44:18 -0500
Processing by UsersController#create as HTML
  Parameters: {"email"=>"a", "password"=>"[FILTERED]", "user"=>{"email"=>"a", "password"=>"[FILTERED]"}}
Can't verify CSRF token authenticity.
Completed 422 Unprocessable Entity in 1ms (ActiveRecord: 0.0ms)


  
ActionController::InvalidAuthenticityToken (ActionController::InvalidAuthenticityToken):
  
actionpack (5.2.3) lib/action_controller/metal/request_forgery_protection.rb:211:in `handle_unverified_request'
actionpack (5.2.3) lib/action_controller/metal/request_forgery_protection.rb:243:in `handle_unverified_request'
actionpack (5.2.3) lib/action_controller/metal/request_forgery_protection.rb:238:in `verify_authenticity_token'
activesupport (5.2.3) lib/active_support/callbacks.rb:426:in `block in make_lambda'
activesupport (5.2.3) lib/active_support/callbacks.rb:198:in `block (2 levels) in halting'
actionpack (5.2.3) lib/abstract_controller/callbacks.rb:34:in `block (2 levels) in <module:Callbacks>'
activesupport (5.2.3) lib/active_support/callbacks.rb:199:in `block in halting'
activesupport (5.2.3) lib/active_support/callbacks.rb:513:in `block in invoke_before'
activesupport (5.2.3) lib/active_support/callbacks.rb:513:in `each'
activesupport (5.2.3) lib/active_support/callbacks.rb:513:in `invoke_before'
activesupport (5.2.3) lib/active_support/callbacks.rb:131:in `run_callbacks'
actionpack (5.2.3) lib/abstract_controller/callbacks.rb:41:in `process_action'
actionpack (5.2.3) lib/action_controller/metal/rescue.rb:22:in `process_action'
actionpack (5.2.3) lib/action_controller/metal/instrumentation.rb:34:in `block in process_action'
activesupport (5.2.3) lib/active_support/notifications.rb:168:in `block in instrument'
activesupport (5.2.3) lib/active_support/notifications/instrumenter.rb:23:in `instrument'
activesupport (5.2.3) lib/active_support/notifications.rb:168:in `instrument'
actionpack (5.2.3) lib/action_controller/metal/instrumentation.rb:32:in `process_action'
actionpack (5.2.3) lib/action_controller/metal/params_wrapper.rb:256:in `process_action'
activerecord (5.2.3) lib/active_record/railties/controller_runtime.rb:24:in `process_action'
actionpack (5.2.3) lib/abstract_controller/base.rb:134:in `process'
actionview (5.2.3) lib/action_view/rendering.rb:32:in `process'
actionpack (5.2.3) lib/action_controller/metal.rb:191:in `dispatch'
actionpack (5.2.3) lib/action_controller/metal.rb:252:in `dispatch'
actionpack (5.2.3) lib/action_dispatch/routing/route_set.rb:52:in `dispatch'
actionpack (5.2.3) lib/action_dispatch/routing/route_set.rb:34:in `serve'
actionpack (5.2.3) lib/action_dispatch/journey/router.rb:52:in `block in serve'
actionpack (5.2.3) lib/action_dispatch/journey/router.rb:35:in `each'
actionpack (5.2.3) lib/action_dispatch/journey/router.rb:35:in `serve'
actionpack (5.2.3) lib/action_dispatch/routing/route_set.rb:840:in `call'
rack (2.0.7) lib/rack/tempfile_reaper.rb:15:in `call'
rack (2.0.7) lib/rack/etag.rb:25:in `call'
rack (2.0.7) lib/rack/conditional_get.rb:38:in `call'
rack (2.0.7) lib/rack/head.rb:12:in `call'
actionpack (5.2.3) lib/action_dispatch/http/content_security_policy.rb:18:in `call'
rack (2.0.7) lib/rack/session/abstract/id.rb:232:in `context'
rack (2.0.7) lib/rack/session/abstract/id.rb:226:in `call'
actionpack (5.2.3) lib/action_dispatch/middleware/cookies.rb:670:in `call'
activerecord (5.2.3) lib/active_record/migration.rb:559:in `call'
actionpack (5.2.3) lib/action_dispatch/middleware/callbacks.rb:28:in `block in call'
activesupport (5.2.3) lib/active_support/callbacks.rb:98:in `run_callbacks'
actionpack (5.2.3) lib/action_dispatch/middleware/callbacks.rb:26:in `call'
actionpack (5.2.3) lib/action_dispatch/middleware/executor.rb:14:in `call'
actionpack (5.2.3) lib/action_dispatch/middleware/debug_exceptions.rb:61:in `call'
web-console (3.7.0) lib/web_console/middleware.rb:135:in `call_app'
web-console (3.7.0) lib/web_console/middleware.rb:30:in `block in call'
web-console (3.7.0) lib/web_console/middleware.rb:20:in `catch'
web-console (3.7.0) lib/web_console/middleware.rb:20:in `call'
actionpack (5.2.3) lib/action_dispatch/middleware/show_exceptions.rb:33:in `call'
railties (5.2.3) lib/rails/rack/logger.rb:38:in `call_app'
railties (5.2.3) lib/rails/rack/logger.rb:26:in `block in call'
activesupport (5.2.3) lib/active_support/tagged_logging.rb:71:in `block in tagged'
activesupport (5.2.3) lib/active_support/tagged_logging.rb:28:in `tagged'
activesupport (5.2.3) lib/active_support/tagged_logging.rb:71:in `tagged'
railties (5.2.3) lib/rails/rack/logger.rb:26:in `call'
sprockets-rails (3.2.1) lib/sprockets/rails/quiet_assets.rb:13:in `call'
actionpack (5.2.3) lib/action_dispatch/middleware/remote_ip.rb:81:in `call'
actionpack (5.2.3) lib/action_dispatch/middleware/request_id.rb:27:in `call'
rack (2.0.7) lib/rack/method_override.rb:22:in `call'
rack (2.0.7) lib/rack/runtime.rb:22:in `call'
activesupport (5.2.3) lib/active_support/cache/strategy/local_cache_middleware.rb:29:in `call'
actionpack (5.2.3) lib/action_dispatch/middleware/executor.rb:14:in `call'
actionpack (5.2.3) lib/action_dispatch/middleware/static.rb:127:in `call'
rack (2.0.7) lib/rack/sendfile.rb:111:in `call'
railties (5.2.3) lib/rails/engine.rb:524:in `call'
puma (3.12.1) lib/puma/configuration.rb:227:in `call'
puma (3.12.1) lib/puma/server.rb:660:in `handle_request'
puma (3.12.1) lib/puma/server.rb:474:in `process_client'
puma (3.12.1) lib/puma/server.rb:334:in `block in run'
puma (3.12.1) lib/puma/thread_pool.rb:135:in `block in spawn_thread'
Started POST "/users" for ::1 at 2019-06-20 12:46:44 -0500
Processing by UsersController#create as HTML
  Parameters: {"email"=>"a", "password"=>"[FILTERED]", "user"=>{"email"=>"a", "password"=>"[FILTERED]"}}
Can't verify CSRF token authenticity.
Completed 422 Unprocessable Entity in 1ms (ActiveRecord: 0.0ms)


  
ActionController::InvalidAuthenticityToken (ActionController::InvalidAuthenticityToken):
  
actionpack (5.2.3) lib/action_controller/metal/request_forgery_protection.rb:211:in `handle_unverified_request'
actionpack (5.2.3) lib/action_controller/metal/request_forgery_protection.rb:243:in `handle_unverified_request'
actionpack (5.2.3) lib/action_controller/metal/request_forgery_protection.rb:238:in `verify_authenticity_token'
activesupport (5.2.3) lib/active_support/callbacks.rb:426:in `block in make_lambda'
activesupport (5.2.3) lib/active_support/callbacks.rb:198:in `block (2 levels) in halting'
actionpack (5.2.3) lib/abstract_controller/callbacks.rb:34:in `block (2 levels) in <module:Callbacks>'
activesupport (5.2.3) lib/active_support/callbacks.rb:199:in `block in halting'
activesupport (5.2.3) lib/active_support/callbacks.rb:513:in `block in invoke_before'
activesupport (5.2.3) lib/active_support/callbacks.rb:513:in `each'
activesupport (5.2.3) lib/active_support/callbacks.rb:513:in `invoke_before'
activesupport (5.2.3) lib/active_support/callbacks.rb:131:in `run_callbacks'
actionpack (5.2.3) lib/abstract_controller/callbacks.rb:41:in `process_action'
actionpack (5.2.3) lib/action_controller/metal/rescue.rb:22:in `process_action'
actionpack (5.2.3) lib/action_controller/metal/instrumentation.rb:34:in `block in process_action'
activesupport (5.2.3) lib/active_support/notifications.rb:168:in `block in instrument'
activesupport (5.2.3) lib/active_support/notifications/instrumenter.rb:23:in `instrument'
activesupport (5.2.3) lib/active_support/notifications.rb:168:in `instrument'
actionpack (5.2.3) lib/action_controller/metal/instrumentation.rb:32:in `process_action'
actionpack (5.2.3) lib/action_controller/metal/params_wrapper.rb:256:in `process_action'
activerecord (5.2.3) lib/active_record/railties/controller_runtime.rb:24:in `process_action'
actionpack (5.2.3) lib/abstract_controller/base.rb:134:in `process'
actionview (5.2.3) lib/action_view/rendering.rb:32:in `process'
actionpack (5.2.3) lib/action_controller/metal.rb:191:in `dispatch'
actionpack (5.2.3) lib/action_controller/metal.rb:252:in `dispatch'
actionpack (5.2.3) lib/action_dispatch/routing/route_set.rb:52:in `dispatch'
actionpack (5.2.3) lib/action_dispatch/routing/route_set.rb:34:in `serve'
actionpack (5.2.3) lib/action_dispatch/journey/router.rb:52:in `block in serve'
actionpack (5.2.3) lib/action_dispatch/journey/router.rb:35:in `each'
actionpack (5.2.3) lib/action_dispatch/journey/router.rb:35:in `serve'
actionpack (5.2.3) lib/action_dispatch/routing/route_set.rb:840:in `call'
rack (2.0.7) lib/rack/tempfile_reaper.rb:15:in `call'
rack (2.0.7) lib/rack/etag.rb:25:in `call'
rack (2.0.7) lib/rack/conditional_get.rb:38:in `call'
rack (2.0.7) lib/rack/head.rb:12:in `call'
actionpack (5.2.3) lib/action_dispatch/http/content_security_policy.rb:18:in `call'
rack (2.0.7) lib/rack/session/abstract/id.rb:232:in `context'
rack (2.0.7) lib/rack/session/abstract/id.rb:226:in `call'
actionpack (5.2.3) lib/action_dispatch/middleware/cookies.rb:670:in `call'
activerecord (5.2.3) lib/active_record/migration.rb:559:in `call'
actionpack (5.2.3) lib/action_dispatch/middleware/callbacks.rb:28:in `block in call'
activesupport (5.2.3) lib/active_support/callbacks.rb:98:in `run_callbacks'
actionpack (5.2.3) lib/action_dispatch/middleware/callbacks.rb:26:in `call'
actionpack (5.2.3) lib/action_dispatch/middleware/executor.rb:14:in `call'
actionpack (5.2.3) lib/action_dispatch/middleware/debug_exceptions.rb:61:in `call'
web-console (3.7.0) lib/web_console/middleware.rb:135:in `call_app'
web-console (3.7.0) lib/web_console/middleware.rb:30:in `block in call'
web-console (3.7.0) lib/web_console/middleware.rb:20:in `catch'
web-console (3.7.0) lib/web_console/middleware.rb:20:in `call'
actionpack (5.2.3) lib/action_dispatch/middleware/show_exceptions.rb:33:in `call'
railties (5.2.3) lib/rails/rack/logger.rb:38:in `call_app'
railties (5.2.3) lib/rails/rack/logger.rb:26:in `block in call'
activesupport (5.2.3) lib/active_support/tagged_logging.rb:71:in `block in tagged'
activesupport (5.2.3) lib/active_support/tagged_logging.rb:28:in `tagged'
activesupport (5.2.3) lib/active_support/tagged_logging.rb:71:in `tagged'
railties (5.2.3) lib/rails/rack/logger.rb:26:in `call'
sprockets-rails (3.2.1) lib/sprockets/rails/quiet_assets.rb:13:in `call'
actionpack (5.2.3) lib/action_dispatch/middleware/remote_ip.rb:81:in `call'
actionpack (5.2.3) lib/action_dispatch/middleware/request_id.rb:27:in `call'
rack (2.0.7) lib/rack/method_override.rb:22:in `call'
rack (2.0.7) lib/rack/runtime.rb:22:in `call'
activesupport (5.2.3) lib/active_support/cache/strategy/local_cache_middleware.rb:29:in `call'
actionpack (5.2.3) lib/action_dispatch/middleware/executor.rb:14:in `call'
actionpack (5.2.3) lib/action_dispatch/middleware/static.rb:127:in `call'
rack (2.0.7) lib/rack/sendfile.rb:111:in `call'
railties (5.2.3) lib/rails/engine.rb:524:in `call'
puma (3.12.1) lib/puma/configuration.rb:227:in `call'
puma (3.12.1) lib/puma/server.rb:660:in `handle_request'
puma (3.12.1) lib/puma/server.rb:474:in `process_client'
puma (3.12.1) lib/puma/server.rb:334:in `block in run'
puma (3.12.1) lib/puma/thread_pool.rb:135:in `block in spawn_thread'
Started POST "/users" for ::1 at 2019-06-20 12:48:12 -0500
Processing by UsersController#create as HTML
  Parameters: {"email"=>"a", "password"=>"[FILTERED]", "user"=>{"email"=>"a", "password"=>"[FILTERED]"}}
Completed 500 Internal Server Error in 4ms (ActiveRecord: 0.0ms)


  
NameError (uninitialized constant User::Bcrypt):
  
app/models/user.rb:13:in `create'
app/controllers/users_controller.rb:4:in `create'
Started POST "/users" for ::1 at 2019-06-20 12:48:44 -0500
Processing by UsersController#create as HTML
  Parameters: {"email"=>"a", "password"=>"[FILTERED]", "user"=>{"email"=>"a", "password"=>"[FILTERED]"}}
Completed 500 Internal Server Error in 3ms (ActiveRecord: 0.0ms)


  
PG::UndefinedColumn (ERROR:  column "email" of relation "users" does not exist
LINE 1:                 INSERT INTO users (email, password_digest)
                                           ^
):
  
app/models/user.rb:14:in `async_exec'
app/models/user.rb:14:in `create'
app/controllers/users_controller.rb:4:in `create'
Started POST "/users" for ::1 at 2019-06-20 12:50:07 -0500
Processing by UsersController#create as HTML
  Parameters: {"email"=>"a", "password"=>"[FILTERED]", "user"=>{"email"=>"a", "password"=>"[FILTERED]"}}
Completed 500 Internal Server Error in 6ms (ActiveRecord: 0.0ms)


  
PG::UndefinedColumn (ERROR:  column "email" does not exist
LINE 3:                 RETURNING user_id, email;
                                           ^
):
  
app/models/user.rb:14:in `async_exec'
app/models/user.rb:14:in `create'
app/controllers/users_controller.rb:4:in `create'
Started POST "/users" for ::1 at 2019-06-20 12:50:17 -0500
Processing by UsersController#create as HTML
  Parameters: {"email"=>"a", "password"=>"[FILTERED]", "user"=>{"email"=>"a", "password"=>"[FILTERED]"}}
Completed 200 OK in 12ms (Views: 1.4ms | ActiveRecord: 0.0ms)


Started POST "/users" for ::1 at 2019-06-20 12:50:43 -0500
Processing by UsersController#create as HTML
  Parameters: {"email"=>"x", "password"=>"[FILTERED]", "user"=>{"email"=>"x", "password"=>"[FILTERED]"}}
Completed 200 OK in 1ms (Views: 0.1ms | ActiveRecord: 0.0ms)


Started POST "/users" for ::1 at 2019-06-20 12:51:37 -0500
Processing by UsersController#create as HTML
  Parameters: {"email"=>"a", "password"=>"[FILTERED]", "user"=>{"email"=>"a", "password"=>"[FILTERED]"}}
Completed 200 OK in 1ms (Views: 0.1ms | ActiveRecord: 0.0ms)


Started POST "/users" for ::1 at 2019-06-20 12:52:04 -0500
Processing by UsersController#create as HTML
  Parameters: {"email"=>"a", "password"=>"[FILTERED]", "user"=>{"email"=>"a", "password"=>"[FILTERED]"}}
Completed 200 OK in 2ms (Views: 0.2ms | ActiveRecord: 0.0ms)


Started POST "/users" for ::1 at 2019-06-20 12:53:18 -0500
Processing by UsersController#create as HTML
  Parameters: {"email"=>"me", "password"=>"[FILTERED]", "user"=>{"email"=>"me", "password"=>"[FILTERED]"}}
Completed 200 OK in 1ms (Views: 0.1ms | ActiveRecord: 0.0ms)


Started POST "/users" for ::1 at 2019-06-20 12:54:56 -0500
  
LoadError (cannot load such file -- bcrypt):
  
app/models/user.rb:1:in `<main>'
Started POST "/users" for ::1 at 2019-06-20 12:56:29 -0500
Processing by UsersController#create as HTML
  Parameters: {"email"=>"asdf", "password"=>"[FILTERED]", "user"=>{"email"=>"asdf", "password"=>"[FILTERED]"}}
Completed 200 OK in 4ms (Views: 1.1ms | ActiveRecord: 0.0ms)


Started POST "/users" for ::1 at 2019-06-20 13:03:10 -0500
Processing by UsersController#create as HTML
  Parameters: {"email"=>"s", "password"=>"[FILTERED]", "user"=>{"email"=>"s", "password"=>"[FILTERED]"}}
Completed 200 OK in 3ms (Views: 0.4ms | ActiveRecord: 0.0ms)


Started POST "/users" for ::1 at 2019-06-20 13:04:22 -0500
Processing by UsersController#create as HTML
  Parameters: {"username"=>"asdf", "password"=>"[FILTERED]", "user"=>{"username"=>"asdf", "password"=>"[FILTERED]"}}
Completed 200 OK in 5ms (Views: 1.7ms | ActiveRecord: 0.0ms)


Started POST "/users" for ::1 at 2019-06-20 13:06:28 -0500
Processing by UsersController#create as HTML
  Parameters: {"username"=>"a", "password"=>"[FILTERED]", "user"=>{"username"=>"a", "password"=>"[FILTERED]"}}
Completed 200 OK in 1ms (Views: 0.2ms | ActiveRecord: 0.0ms)


Started POST "/users" for ::1 at 2019-06-20 13:06:55 -0500
Processing by UsersController#create as HTML
  Parameters: {"username"=>"asdf", "password"=>"[FILTERED]", "timeStamp"=>1561054015860, "user"=>{"username"=>"asdf", "password"=>"[FILTERED]", "timeStamp"=>1561054015860}}
Completed 200 OK in 1ms (Views: 0.2ms | ActiveRecord: 0.0ms)


Started POST "/users" for ::1 at 2019-06-20 13:09:01 -0500
Processing by UsersController#create as HTML
  Parameters: {"username"=>"asdf", "password"=>"[FILTERED]", "timeStamp"=>1561054141569, "user"=>{"username"=>"asdf", "password"=>"[FILTERED]", "timeStamp"=>1561054141569}}
Completed 500 Internal Server Error in 2ms (ActiveRecord: 0.0ms)


  
PG::UndefinedColumn (ERROR:  column "create_on" of relation "users" does not exist
LINE 1: ...           INSERT INTO users (username, password, create_on)
                                                             ^
):
  
app/models/user.rb:15:in `async_exec'
app/models/user.rb:15:in `create'
app/controllers/users_controller.rb:4:in `create'
Started POST "/users" for ::1 at 2019-06-20 13:09:14 -0500
Processing by UsersController#create as HTML
  Parameters: {"username"=>"asdf", "password"=>"[FILTERED]", "timeStamp"=>1561054154141, "user"=>{"username"=>"asdf", "password"=>"[FILTERED]", "timeStamp"=>1561054154141}}
Completed 500 Internal Server Error in 1ms (ActiveRecord: 0.0ms)


  
PG::SyntaxError (ERROR:  syntax error at or near ")"
LINE 2:                 VALUES ( 'asdf', 'asdf', )
                                                 ^
):
  
app/models/user.rb:15:in `async_exec'
app/models/user.rb:15:in `create'
app/controllers/users_controller.rb:4:in `create'
Started POST "/users" for ::1 at 2019-06-20 13:09:19 -0500
Processing by UsersController#create as HTML
  Parameters: {"username"=>"asdf", "password"=>"[FILTERED]", "timeStamp"=>1561054159476, "user"=>{"username"=>"asdf", "password"=>"[FILTERED]", "timeStamp"=>1561054159476}}
Completed 500 Internal Server Error in 1ms (ActiveRecord: 0.0ms)


  
PG::SyntaxError (ERROR:  syntax error at or near ")"
LINE 2:                 VALUES ( 'asdf', 'asdf', )
                                                 ^
):
  
app/models/user.rb:15:in `async_exec'
app/models/user.rb:15:in `create'
app/controllers/users_controller.rb:4:in `create'
Started POST "/users" for ::1 at 2019-06-20 13:10:42 -0500
Processing by UsersController#create as HTML
  Parameters: {"username"=>"asdf", "password"=>"[FILTERED]", "timeStamp"=>1561054242811, "user"=>{"username"=>"asdf", "password"=>"[FILTERED]", "timeStamp"=>1561054242811}}
Completed 500 Internal Server Error in 1ms (ActiveRecord: 0.0ms)


  
PG::UndefinedColumn (ERROR:  column "create_on" of relation "users" does not exist
LINE 1: ...           INSERT INTO users (username, password, create_on)
                                                             ^
):
  
app/models/user.rb:15:in `async_exec'
app/models/user.rb:15:in `create'
app/controllers/users_controller.rb:4:in `create'
Started POST "/users" for ::1 at 2019-06-20 13:10:55 -0500
Processing by UsersController#create as HTML
  Parameters: {"username"=>"asdf", "password"=>"[FILTERED]", "timeStamp"=>1561054255284, "user"=>{"username"=>"asdf", "password"=>"[FILTERED]", "timeStamp"=>1561054255284}}
Completed 500 Internal Server Error in 3ms (ActiveRecord: 0.0ms)


  
PG::DatatypeMismatch (ERROR:  column "created_on" is of type timestamp without time zone but expression is of type bigint
LINE 2:                 VALUES ( 'asdf', 'asdf', 1561054255284)
                                                 ^
HINT:  You will need to rewrite or cast the expression.
):
  
app/models/user.rb:15:in `async_exec'
app/models/user.rb:15:in `create'
app/controllers/users_controller.rb:4:in `create'
Started POST "/users" for ::1 at 2019-06-20 13:11:24 -0500
Processing by UsersController#create as HTML
  Parameters: {"username"=>"asdf", "password"=>"[FILTERED]", "timeStamp"=>1561054284089, "user"=>{"username"=>"asdf", "password"=>"[FILTERED]", "timeStamp"=>1561054284089}}
Completed 500 Internal Server Error in 3ms (ActiveRecord: 0.0ms)


  
PG::DatetimeFieldOverflow (ERROR:  date/time field value out of range: "1561054284089"
LINE 2:                 VALUES ( 'asdf', 'asdf', '1561054284089')
                                                 ^
HINT:  Perhaps you need a different "datestyle" setting.
):
  
app/models/user.rb:15:in `async_exec'
app/models/user.rb:15:in `create'
app/controllers/users_controller.rb:4:in `create'
Started POST "/users" for ::1 at 2019-06-20 13:13:08 -0500
Processing by UsersController#create as HTML
  Parameters: {"username"=>"asdf", "password"=>"[FILTERED]", "timeStamp"=>1561054388854, "user"=>{"username"=>"asdf", "password"=>"[FILTERED]", "timeStamp"=>1561054388854}}
Completed 500 Internal Server Error in 1ms (ActiveRecord: 0.0ms)


  
PG::DatetimeFieldOverflow (ERROR:  date/time field value out of range: "1561054388854"
LINE 2:                 VALUES ( 'asdf', 'asdf', '1561054388854')
                                                 ^
HINT:  Perhaps you need a different "datestyle" setting.
):
  
app/models/user.rb:15:in `async_exec'
app/models/user.rb:15:in `create'
app/controllers/users_controller.rb:4:in `create'
Started POST "/users" for ::1 at 2019-06-20 13:14:31 -0500
Processing by UsersController#create as HTML
  Parameters: {"username"=>"asdf", "password"=>"[FILTERED]", "timeStamp"=>"[object Object]", "user"=>{"username"=>"asdf", "password"=>"[FILTERED]", "timeStamp"=>"[object Object]"}}
Completed 500 Internal Server Error in 8ms (ActiveRecord: 0.0ms)


  
PG::InvalidDatetimeFormat (ERROR:  invalid input syntax for type timestamp: "[object Object]"
LINE 2:                 VALUES ( 'asdf', 'asdf', '[object Object]')
                                                 ^
):
  
app/models/user.rb:15:in `async_exec'
app/models/user.rb:15:in `create'
app/controllers/users_controller.rb:4:in `create'
Started POST "/users" for ::1 at 2019-06-20 13:15:16 -0500
Processing by UsersController#create as HTML
  Parameters: {"username"=>"asdf", "password"=>"[FILTERED]", "timeStamp"=>"[object Object]", "user"=>{"username"=>"asdf", "password"=>"[FILTERED]", "timeStamp"=>"[object Object]"}}
Completed 500 Internal Server Error in 1ms (ActiveRecord: 0.0ms)


  
PG::InvalidDatetimeFormat (ERROR:  invalid input syntax for type timestamp: "[object Object]"
LINE 2:                 VALUES ( 'asdf', 'asdf', '[object Object]')
                                                 ^
):
  
app/models/user.rb:15:in `async_exec'
app/models/user.rb:15:in `create'
app/controllers/users_controller.rb:4:in `create'
Started POST "/users" for ::1 at 2019-06-20 13:15:28 -0500
Processing by UsersController#create as HTML
  Parameters: {"username"=>"asdf", "password"=>"[FILTERED]", "timeStamp"=>"[object Object]", "user"=>{"username"=>"asdf", "password"=>"[FILTERED]", "timeStamp"=>"[object Object]"}}
Completed 500 Internal Server Error in 1ms (ActiveRecord: 0.0ms)


  
PG::InvalidDatetimeFormat (ERROR:  invalid input syntax for type timestamp: "[object Object]"
LINE 2:                 VALUES ( 'asdf', 'asdf', '[object Object]')
                                                 ^
):
  
app/models/user.rb:15:in `async_exec'
app/models/user.rb:15:in `create'
app/controllers/users_controller.rb:4:in `create'
